
blink-c3.elf:     формат файла elf32-littlearm


Дизассемблирование раздела .text:

00000000 <hang-0x44>:
   0:	10002000 	andne	r2, r0, r0
   4:	00000069 	andeq	r0, r0, r9, rrx
   8:	00000045 	andeq	r0, r0, r5, asr #32
   c:	00000045 	andeq	r0, r0, r5, asr #32
  10:	00000045 	andeq	r0, r0, r5, asr #32
  14:	00000045 	andeq	r0, r0, r5, asr #32
  18:	00000045 	andeq	r0, r0, r5, asr #32
  1c:	efffde3e 	svc	0x00ffde3e
  20:	00000045 	andeq	r0, r0, r5, asr #32
  24:	00000045 	andeq	r0, r0, r5, asr #32
  28:	00000045 	andeq	r0, r0, r5, asr #32
  2c:	00000045 	andeq	r0, r0, r5, asr #32
  30:	00000045 	andeq	r0, r0, r5, asr #32
  34:	00000045 	andeq	r0, r0, r5, asr #32
  38:	00000045 	andeq	r0, r0, r5, asr #32
  3c:	00000045 	andeq	r0, r0, r5, asr #32
  40:	00000045 	andeq	r0, r0, r5, asr #32

00000044 <hang>:
  44:	e7fe      	b.n	44 <hang>
	...

00000048 <wait>:
  48:	b082      	sub	sp, #8
  4a:	f44f 3300 	mov.w	r3, #131072	; 0x20000
  4e:	9301      	str	r3, [sp, #4]
  50:	9b01      	ldr	r3, [sp, #4]
  52:	2b00      	cmp	r3, #0
  54:	dd05      	ble.n	62 <wait+0x1a>
  56:	9b01      	ldr	r3, [sp, #4]
  58:	3b01      	subs	r3, #1
  5a:	9301      	str	r3, [sp, #4]
  5c:	9b01      	ldr	r3, [sp, #4]
  5e:	2b00      	cmp	r3, #0
  60:	dcf9      	bgt.n	56 <wait+0xe>
  62:	b002      	add	sp, #8
  64:	4770      	bx	lr
  66:	bf00      	nop

00000068 <main>:
  68:	f44f 6300 	mov.w	r3, #2048	; 0x800
  6c:	f2c4 0302 	movt	r3, #16386	; 0x4002
  70:	2000      	movs	r0, #0
  72:	f44f 6280 	mov.w	r2, #1024	; 0x400
  76:	b082      	sub	sp, #8
  78:	6018      	str	r0, [r3, #0]
  7a:	f2c4 0202 	movt	r2, #16386	; 0x4002
  7e:	f44f 3100 	mov.w	r1, #131072	; 0x20000
  82:	6010      	str	r0, [r2, #0]
  84:	9100      	str	r1, [sp, #0]
  86:	9b00      	ldr	r3, [sp, #0]
  88:	2b00      	cmp	r3, #0
  8a:	dd05      	ble.n	98 <main+0x30>
  8c:	9b00      	ldr	r3, [sp, #0]
  8e:	3b01      	subs	r3, #1
  90:	9300      	str	r3, [sp, #0]
  92:	9b00      	ldr	r3, [sp, #0]
  94:	2b00      	cmp	r3, #0
  96:	dcf9      	bgt.n	8c <main+0x24>
  98:	6010      	str	r0, [r2, #0]
  9a:	9101      	str	r1, [sp, #4]
  9c:	9b01      	ldr	r3, [sp, #4]
  9e:	2b00      	cmp	r3, #0
  a0:	ddef      	ble.n	82 <main+0x1a>
  a2:	9b01      	ldr	r3, [sp, #4]
  a4:	3b01      	subs	r3, #1
  a6:	9301      	str	r3, [sp, #4]
  a8:	9b01      	ldr	r3, [sp, #4]
  aa:	2b00      	cmp	r3, #0
  ac:	dcf9      	bgt.n	a2 <main+0x3a>
  ae:	e7e8      	b.n	82 <main+0x1a>

Дизассемблирование раздела .ARM.attributes:

00000000 <.ARM.attributes>:
   0:	00002e41 	andeq	r2, r0, r1, asr #28
   4:	61656100 	cmnvs	r5, r0, lsl #2
   8:	01006962 	tsteq	r0, r2, ror #18
   c:	00000024 	andeq	r0, r0, r4, lsr #32
  10:	726f4305 	rsbvc	r4, pc, #335544320	; 0x14000000
  14:	2d786574 	cfldr64cs	mvdx6, [r8, #-464]!	; 0xfffffe30
  18:	0600334d 	streq	r3, [r0], -sp, asr #6
  1c:	094d070a 	stmdbeq	sp, {r1, r3, r8, r9, sl}^
  20:	14041202 	strne	r1, [r4], #-514	; 0x202
  24:	17011501 	strne	r1, [r1, -r1, lsl #10]
  28:	1a011803 	bne	4603c <main+0x45fd4>
  2c:	Address 0x000000000000002c is out of bounds.


Дизассемблирование раздела .comment:

00000000 <.comment>:
   0:	3a434347 	bcc	10d0d24 <main+0x10d0cbc>
   4:	65472820 	strbvs	r2, [r7, #-2080]	; 0x820
   8:	6f6f746e 	svcvs	0x006f746e
   c:	382e3420 	stmdacc	lr!, {r5, sl, ip, sp}
  10:	7020332e 	eorvc	r3, r0, lr, lsr #6
  14:	2c312e31 	ldccs	14, cr2, [r1], #-196	; 0xffffff3c
  18:	65697020 	strbvs	r7, [r9, #-32]!
  1c:	352e302d 	strcc	r3, [lr, #-45]!	; 0x2d
  20:	2029392e 	eorcs	r3, r9, lr, lsr #18
  24:	2e382e34 	mrccs	14, 1, r2, cr8, cr4, {1}
  28:	Address 0x0000000000000028 is out of bounds.

